<?xml version="1.0" encoding="UTF-8"?>
<!-- Generated by org.testng.reporters.JUnitReportReporter -->
<testsuite skipped="0" hostname="vinod-PC" name="Driven.Autoit" tests="1" failures="0" timestamp="12 Aug 2018 16:24:27 GMT" time="2.612" errors="0">
  <testcase name="autoe" time="2.612" classname="Driven.Autoit"/>
</testsuite> <!-- Driven.Autoit -->
